<?xml version="1.0" encoding="UTF-8"?>
<testsuite xmlns:xsi="http://www.w3.org/2001/XMLSchema-instance" xsi:noNamespaceSchemaLocation="https://maven.apache.org/surefire/maven-surefire-plugin/xsd/surefire-test-report.xsd" name="marketing.company.domain.dto.AlbumsDtoTest" time="0.057" tests="12" errors="0" skipped="0" failures="0">
  <properties>
[...]
</properties>
  <testcase name="getCapturedDate" classname="marketing.company.domain.dto.AlbumsDtoTest" time="0.027"/>
  <testcase name="setCapturedDate" classname="marketing.company.domain.dto.AlbumsDtoTest" time="0.006"/>
  <testcase name="getCapturedBy" classname="marketing.company.domain.dto.AlbumsDtoTest" time="0.001"/>
  <testcase name="setAlbumsID" classname="marketing.company.domain.dto.AlbumsDtoTest" time="0"/>
  <testcase name="getAlbumsID" classname="marketing.company.domain.dto.AlbumsDtoTest" time="0"/>
  <testcase name="getGeolocation" classname="marketing.company.domain.dto.AlbumsDtoTest" time="0.001"/>
  <testcase name="getTags" classname="marketing.company.domain.dto.AlbumsDtoTest" time="0.001"/>
  <testcase name="setCapturedBy" classname="marketing.company.domain.dto.AlbumsDtoTest" time="0.001"/>
  <testcase name="getFileFormat" classname="marketing.company.domain.dto.AlbumsDtoTest" time="0.001"/>
  <testcase name="setFileFormat" classname="marketing.company.domain.dto.AlbumsDtoTest" time="0.001"/>
  <testcase name="setGeolocation" classname="marketing.company.domain.dto.AlbumsDtoTest" time="0.001"/>
  <testcase name="setTags" classname="marketing.company.domain.dto.AlbumsDtoTest" time="0.001"/>
</testsuite>